<?xml version="1.0" encoding="UTF-8"?>
<!-- Generated by org.testng.reporters.JUnitReportReporter -->
<testsuite hostname="DESKTOP-2ED7NG6" failures="0" tests="1" name="com.auto.tests.AddToCartTestV3" time="16.272" errors="0" timestamp="2023-12-01T09:44:54 GMT-08:00" skipped="0">
  <testcase classname="com.auto.tests.AddToCartTestV3" name="addToCartTestV3" time="16.272"/>
  <system-out/>
</testsuite> <!-- com.auto.tests.AddToCartTestV3 -->
