<?xml version="1.0" encoding="UTF-8"?>
<!-- Generated by org.testng.reporters.JUnitReportReporter -->
<testsuite hostname="DESKTOP-2ED7NG6" failures="0" tests="1" name="com.auto.tests.LoginTestV3" time="4.813" errors="0" timestamp="2023-12-01T09:24:37 GMT-08:00" skipped="0">
  <testcase classname="com.auto.tests.LoginTestV3" name="loginTestV3" time="4.813"/>
  <system-out/>
</testsuite> <!-- com.auto.tests.LoginTestV3 -->
