<?xml version="1.0" encoding="UTF-8"?>
<!-- Generated by org.testng.reporters.JUnitReportReporter -->
<testsuite hostname="DESKTOP-2ED7NG6" failures="0" tests="1" name="com.auto.tests.api.SingleUserApiGetTest" time="8.748" errors="0" timestamp="2023-12-07T08:50:56 GMT-08:00" skipped="0">
  <testcase classname="com.auto.tests.api.SingleUserApiGetTest" name="singleUserApiGetTest" time="8.748"/>
  <system-out/>
</testsuite> <!-- com.auto.tests.api.SingleUserApiGetTest -->
