<?xml version="1.0" encoding="UTF-8"?>
<!-- Generated by org.testng.reporters.JUnitReportReporter -->
<testsuite hostname="DESKTOP-2ED7NG6" failures="0" tests="1" name="com.auto.tests.LoginTest" time="0.714" errors="0" timestamp="2023-11-22T09:56:10 GMT-08:00" skipped="0">
  <testcase classname="com.auto.tests.LoginTest" name="loginTest" time="0.714"/>
  <system-out/>
</testsuite> <!-- com.auto.tests.LoginTest -->
