<?xml version="1.0" encoding="UTF-8"?>
<!-- Generated by org.testng.reporters.JUnitReportReporter -->
<testsuite hostname="DESKTOP-2ED7NG6" failures="0" tests="1" name="com.auto.tests.api.SingleUserApiGetTestV2" time="4.664" errors="0" timestamp="2023-12-07T09:57:10 GMT-08:00" skipped="0">
  <testcase classname="com.auto.tests.api.SingleUserApiGetTestV2" name="singleUserApiGetTest" time="4.664"/>
  <system-out/>
</testsuite> <!-- com.auto.tests.api.SingleUserApiGetTestV2 -->
