<?xml version="1.0" encoding="UTF-8"?>
<!-- Generated by org.testng.reporters.JUnitReportReporter -->
<testsuite hostname="DESKTOP-2ED7NG6" failures="0" tests="1" name="com.auto.tests.AddToCartTest" time="14.967" errors="0" timestamp="2023-11-23T09:48:11 GMT-08:00" skipped="0">
  <testcase classname="com.auto.tests.AddToCartTest" name="addToCartTest" time="14.967"/>
  <system-out/>
</testsuite> <!-- com.auto.tests.AddToCartTest -->
