<?xml version="1.0" encoding="UTF-8"?>
<!-- Generated by org.testng.reporters.JUnitReportReporter -->
<testsuite hostname="DESKTOP-2ED7NG6" failures="0" tests="1" name="com.auto.tests.api.LoginTest" time="14.605" errors="0" timestamp="2023-12-08T09:29:07 GMT-08:00" skipped="0">
  <testcase classname="com.auto.tests.api.LoginTest" name="singleUserApiGetTest" time="14.605"/>
  <system-out/>
</testsuite> <!-- com.auto.tests.api.LoginTest -->
