<?xml version="1.0" encoding="UTF-8"?>
<!-- Generated by org.testng.reporters.JUnitReportReporter -->
<testsuite hostname="DESKTOP-2ED7NG6" failures="0" tests="1" name="com.auto.tests.AddToCartTestV1" time="15.336" errors="0" timestamp="2023-11-29T09:28:42 GMT-08:00" skipped="0">
  <testcase classname="com.auto.tests.AddToCartTestV1" name="addToCartTest" time="15.336"/>
  <system-out/>
</testsuite> <!-- com.auto.tests.AddToCartTestV1 -->
