<?xml version="1.0" encoding="UTF-8"?>
<!-- Generated by org.testng.reporters.JUnitReportReporter -->
<testsuite hostname="DESKTOP-2ED7NG6" failures="0" tests="1" name="com.auto.tests.AddToCartTestV2" time="17.029" errors="0" timestamp="2023-11-29T09:40:33 GMT-08:00" skipped="0">
  <testcase classname="com.auto.tests.AddToCartTestV2" name="addToCartTest" time="17.029"/>
  <system-out/>
</testsuite> <!-- com.auto.tests.AddToCartTestV2 -->
