<?xml version="1.0" encoding="UTF-8"?>
<!-- Generated by org.testng.reporters.JUnitReportReporter -->
<testsuite hostname="DESKTOP-2ED7NG6" failures="0" tests="1" name="com.auto.tests.api.CreateApiTest" time="14.857" errors="0" timestamp="2023-12-08T09:45:04 GMT-08:00" skipped="0">
  <testcase classname="com.auto.tests.api.CreateApiTest" name="createApiTest" time="14.857"/>
  <system-out/>
</testsuite> <!-- com.auto.tests.api.CreateApiTest -->
